<?xml version="1.0" encoding="UTF-8"?>
<testng-results ignored="0" total="1" passed="0" failed="1" skipped="0">
  <reporter-output>
  </reporter-output>
  <suite started-at="2022-02-08T17:36:03 IST" name="Default suite" finished-at="2022-02-08T17:36:59 IST" duration-ms="56377">
    <groups>
    </groups>
    <test started-at="2022-02-08T17:36:03 IST" name="Default test" finished-at="2022-02-08T17:36:59 IST" duration-ms="56377">
      <class name="rms_Admin.CompanyMaster">
        <test-method is-config="true" signature="startUp()[pri:0, instance:rms_Admin.CompanyMaster@1b11171f]" started-at="2022-02-08T17:35:59 IST" name="startUp" finished-at="2022-02-08T17:36:03 IST" duration-ms="4013" status="PASS">
          <reporter-output>
          </reporter-output>
        </test-method> <!-- startUp -->
        <test-method is-config="true" signature="login()[pri:0, instance:rms_Admin.CompanyMaster@1b11171f]" started-at="2022-02-08T17:36:03 IST" name="login" finished-at="2022-02-08T17:36:21 IST" duration-ms="17912" status="PASS">
          <reporter-output>
          </reporter-output>
        </test-method> <!-- login -->
        <test-method is-config="true" signature="testMethodName(java.lang.reflect.Method)[pri:0, instance:rms_Admin.CompanyMaster@1b11171f]" started-at="2022-02-08T17:36:21 IST" name="testMethodName" finished-at="2022-02-08T17:36:21 IST" duration-ms="2" status="PASS">
          <params>
            <param index="0">
              <value>
                <![CDATA[public void rms_Admin.CompanyMaster.companyMaster(java.lang.String,java.lang.String,java.lang.String,java.lang.String,java.lang.String,java.lang.String,java.lang.String,java.lang.String,java.lang.String,java.lang.String,java.lang.String,java.lang.String,java.lang.String,java.lang.String,java.lang.String,java.lang.String,java.lang.String,java.lang.String,java.lang.String,java.lang.String,java.lang.String,java.lang.String,java.lang.String,java.lang.String) throws java.lang.InterruptedException,java.io.IOException]]>
              </value>
            </param>
          </params>
          <reporter-output>
          </reporter-output>
        </test-method> <!-- testMethodName -->
        <test-method signature="companyMaster(java.lang.String,java.lang.String,java.lang.String,java.lang.String,java.lang.String,java.lang.String,java.lang.String,java.lang.String,java.lang.String,java.lang.String,java.lang.String,java.lang.String,java.lang.String,java.lang.String,java.lang.String,java.lang.String,java.lang.String,java.lang.String,java.lang.String,java.lang.String,java.lang.String,java.lang.String,java.lang.String,java.lang.String)[pri:0, instance:rms_Admin.CompanyMaster@1b11171f]" started-at="2022-02-08T17:36:21 IST" name="companyMaster" data-provider="getCompanyMasterData" finished-at="2022-02-08T17:36:45 IST" duration-ms="24496" status="FAIL">
          <params>
            <param index="0">
              <value>
                <![CDATA[AutomationTestSite]]>
              </value>
            </param>
            <param index="1">
              <value>
                <![CDATA[AutomationTestPanel]]>
              </value>
            </param>
            <param index="2">
              <value>
                <![CDATA[AutomationTestDevice]]>
              </value>
            </param>
            <param index="3">
              <value>
                <![CDATA[1000]]>
              </value>
            </param>
            <param index="4">
              <value>
                <![CDATA[5]]>
              </value>
            </param>
            <param index="5">
              <value>
                <![CDATA[https]]>
              </value>
            </param>
            <param index="6">
              <value>
                <![CDATA[11]]>
              </value>
            </param>
            <param index="7">
              <value>
                <![CDATA[SIPL1000000005000001]]>
              </value>
            </param>
            <param index="8">
              <value>
                <![CDATA[Swetasdsf]]>
              </value>
            </param>
            <param index="9">
              <value>
                <![CDATA[Sjsipl45]]>
              </value>
            </param>
            <param index="10">
              <value>
                <![CDATA[test.txt]]>
              </value>
            </param>
            <param index="11">
              <value>
                <![CDATA[11]]>
              </value>
            </param>
            <param index="12">
              <value>
                <![CDATA[Sweta]]>
              </value>
            </param>
            <param index="13">
              <value>
                <![CDATA[12]]>
              </value>
            </param>
            <param index="14">
              <value>
                <![CDATA[Swrta]]>
              </value>
            </param>
            <param index="15">
              <value>
                <![CDATA[sweta]]>
              </value>
            </param>
            <param index="16">
              <value>
                <![CDATA[AutoMeter1]]>
              </value>
            </param>
            <param index="17">
              <value>
                <![CDATA[Testing Meter1]]>
              </value>
            </param>
            <param index="18">
              <value>
                <![CDATA[10]]>
              </value>
            </param>
            <param index="19">
              <value>
                <![CDATA[10]]>
              </value>
            </param>
            <param index="20">
              <value>
                <![CDATA[AutoRegister1]]>
              </value>
            </param>
            <param index="21">
              <value>
                <![CDATA[Reg101]]>
              </value>
            </param>
            <param index="22">
              <value>
                <![CDATA[KG]]>
              </value>
            </param>
            <param index="23">
              <value>
                <![CDATA[5000]]>
              </value>
            </param>
          </params>
          <exception class="java.lang.IndexOutOfBoundsException">
            <message>
              <![CDATA[Index -1 out of bounds for length 0]]>
            </message>
            <full-stacktrace>
              <![CDATA[java.lang.IndexOutOfBoundsException: Index -1 out of bounds for length 0
at java.base/jdk.internal.util.Preconditions.outOfBounds(Preconditions.java:64)
at java.base/jdk.internal.util.Preconditions.outOfBoundsCheckIndex(Preconditions.java:70)
at java.base/jdk.internal.util.Preconditions.checkIndex(Preconditions.java:266)
at java.base/java.util.Objects.checkIndex(Objects.java:359)
at java.base/java.util.ArrayList.get(ArrayList.java:427)
at rms_Admin.CompanyMaster.companyMaster(CompanyMaster.java:203)
at java.base/jdk.internal.reflect.NativeMethodAccessorImpl.invoke0(Native Method)
at java.base/jdk.internal.reflect.NativeMethodAccessorImpl.invoke(NativeMethodAccessorImpl.java:78)
at java.base/jdk.internal.reflect.DelegatingMethodAccessorImpl.invoke(DelegatingMethodAccessorImpl.java:43)
at java.base/java.lang.reflect.Method.invoke(Method.java:567)
at org.testng.internal.MethodInvocationHelper.invokeMethod(MethodInvocationHelper.java:133)
at org.testng.internal.TestInvoker.invokeMethod(TestInvoker.java:598)
at org.testng.internal.TestInvoker.invokeTestMethod(TestInvoker.java:173)
at org.testng.internal.MethodRunner.runInSequence(MethodRunner.java:46)
at org.testng.internal.TestInvoker$MethodInvocationAgent.invoke(TestInvoker.java:824)
at org.testng.internal.TestInvoker.invokeTestMethods(TestInvoker.java:146)
at org.testng.internal.TestMethodWorker.invokeTestMethods(TestMethodWorker.java:146)
at org.testng.internal.TestMethodWorker.run(TestMethodWorker.java:128)
at java.base/java.util.ArrayList.forEach(ArrayList.java:1511)
at org.testng.TestRunner.privateRun(TestRunner.java:794)
at org.testng.TestRunner.run(TestRunner.java:596)
at org.testng.SuiteRunner.runTest(SuiteRunner.java:377)
at org.testng.SuiteRunner.runSequentially(SuiteRunner.java:371)
at org.testng.SuiteRunner.privateRun(SuiteRunner.java:332)
at org.testng.SuiteRunner.run(SuiteRunner.java:276)
at org.testng.SuiteRunnerWorker.runSuite(SuiteRunnerWorker.java:53)
at org.testng.SuiteRunnerWorker.run(SuiteRunnerWorker.java:96)
at org.testng.TestNG.runSuitesSequentially(TestNG.java:1212)
at org.testng.TestNG.runSuitesLocally(TestNG.java:1134)
at org.testng.TestNG.runSuites(TestNG.java:1063)
at org.testng.TestNG.run(TestNG.java:1031)
at org.testng.remote.AbstractRemoteTestNG.run(AbstractRemoteTestNG.java:115)
at org.testng.remote.RemoteTestNG.initAndRun(RemoteTestNG.java:251)
at org.testng.remote.RemoteTestNG.main(RemoteTestNG.java:77)
]]>
            </full-stacktrace>
          </exception> <!-- java.lang.IndexOutOfBoundsException -->
          <reporter-output>
          </reporter-output>
        </test-method> <!-- companyMaster -->
        <test-method is-config="true" signature="getResult(org.testng.ITestResult)[pri:0, instance:rms_Admin.CompanyMaster@1b11171f]" started-at="2022-02-08T17:36:46 IST" name="getResult" finished-at="2022-02-08T17:36:46 IST" duration-ms="135" status="PASS">
          <params>
            <param index="0">
              <value>
                <![CDATA[[TestResult name=companyMaster status=FAILURE method=CompanyMaster.companyMaster(java.lang.String,java.lang.String,java.lang.String,java.lang.String,java.lang.String,java.lang.String,java.lang.String,java.lang.String,java.lang.String,java.lang.String,java.lang.String,java.lang.String,java.lang.String,java.lang.String,java.lang.String,java.lang.String,java.lang.String,java.lang.String,java.lang.String,java.lang.String,java.lang.String,java.lang.String,java.lang.String,java.lang.String)[pri:0, instance:rms_Admin.CompanyMaster@1b11171f] output={null}]]]>
              </value>
            </param>
          </params>
          <reporter-output>
          </reporter-output>
        </test-method> <!-- getResult -->
        <test-method is-config="true" signature="logOut()[pri:0, instance:rms_Admin.CompanyMaster@1b11171f]" started-at="2022-02-08T17:36:46 IST" name="logOut" finished-at="2022-02-08T17:36:59 IST" duration-ms="13688" status="FAIL">
          <exception class="java.lang.NullPointerException">
            <message>
              <![CDATA[Cannot invoke "java.lang.Boolean.booleanValue()" because "value" is null]]>
            </message>
            <full-stacktrace>
              <![CDATA[java.lang.NullPointerException: Cannot invoke "java.lang.Boolean.booleanValue()" because "value" is null
at org.openqa.selenium.remote.RemoteWebElement.isDisplayed(RemoteWebElement.java:329)
at org.openqa.selenium.support.ui.ExpectedConditions.elementIfVisible(ExpectedConditions.java:314)
at org.openqa.selenium.support.ui.ExpectedConditions.access$000(ExpectedConditions.java:43)
at org.openqa.selenium.support.ui.ExpectedConditions$7.apply(ExpectedConditions.java:205)
at org.openqa.selenium.support.ui.ExpectedConditions$7.apply(ExpectedConditions.java:201)
at org.openqa.selenium.support.ui.ExpectedConditions$22.apply(ExpectedConditions.java:641)
at org.openqa.selenium.support.ui.ExpectedConditions$22.apply(ExpectedConditions.java:638)
at org.openqa.selenium.support.ui.FluentWait.until(FluentWait.java:249)
at rms_BasePackage.BaseInit.logOut(BaseInit.java:208)
at java.base/jdk.internal.reflect.NativeMethodAccessorImpl.invoke0(Native Method)
at java.base/jdk.internal.reflect.NativeMethodAccessorImpl.invoke(NativeMethodAccessorImpl.java:78)
at java.base/jdk.internal.reflect.DelegatingMethodAccessorImpl.invoke(DelegatingMethodAccessorImpl.java:43)
at java.base/java.lang.reflect.Method.invoke(Method.java:567)
at org.testng.internal.MethodInvocationHelper.invokeMethod(MethodInvocationHelper.java:133)
at org.testng.internal.MethodInvocationHelper.invokeMethodConsideringTimeout(MethodInvocationHelper.java:62)
at org.testng.internal.ConfigInvoker.invokeConfigurationMethod(ConfigInvoker.java:385)
at org.testng.internal.ConfigInvoker.invokeConfigurations(ConfigInvoker.java:321)
at org.testng.TestRunner.invokeTestConfigurations(TestRunner.java:637)
at org.testng.TestRunner.afterRun(TestRunner.java:877)
at org.testng.TestRunner.run(TestRunner.java:599)
at org.testng.SuiteRunner.runTest(SuiteRunner.java:377)
at org.testng.SuiteRunner.runSequentially(SuiteRunner.java:371)
at org.testng.SuiteRunner.privateRun(SuiteRunner.java:332)
at org.testng.SuiteRunner.run(SuiteRunner.java:276)
at org.testng.SuiteRunnerWorker.runSuite(SuiteRunnerWorker.java:53)
at org.testng.SuiteRunnerWorker.run(SuiteRunnerWorker.java:96)
at org.testng.TestNG.runSuitesSequentially(TestNG.java:1212)
at org.testng.TestNG.runSuitesLocally(TestNG.java:1134)
at org.testng.TestNG.runSuites(TestNG.java:1063)
at org.testng.TestNG.run(TestNG.java:1031)
at org.testng.remote.AbstractRemoteTestNG.run(AbstractRemoteTestNG.java:115)
at org.testng.remote.RemoteTestNG.initAndRun(RemoteTestNG.java:251)
at org.testng.remote.RemoteTestNG.main(RemoteTestNG.java:77)
]]>
            </full-stacktrace>
          </exception> <!-- java.lang.NullPointerException -->
          <reporter-output>
          </reporter-output>
        </test-method> <!-- logOut -->
        <test-method is-config="true" signature="closeBrowser()[pri:0, instance:rms_Admin.CompanyMaster@1b11171f]" started-at="2022-02-08T17:36:59 IST" name="closeBrowser" finished-at="1970-01-01T05:30:00 IST" duration-ms="-1644322019907" status="SKIP">
          <reporter-output>
          </reporter-output>
        </test-method> <!-- closeBrowser -->
      </class> <!-- rms_Admin.CompanyMaster -->
    </test> <!-- Default test -->
  </suite> <!-- Default suite -->
</testng-results>
